[1009/162519.155:INFO:CONSOLE(21172)] "THREE.WebGLRenderer 92", source: file:///C:/Program%20Files/AnyLogic%208.9%20Personal%20Learning%20Edition/plugins/com.anylogic.graphics3d_8.9.4.202503101134/static/build/three.js (21172)
[1009/162520.237:INFO:CONSOLE(3660)] "THREE.ColladaLoader: File version 1.4.0", source: file:///C:/Program%20Files/AnyLogic%208.9%20Personal%20Learning%20Edition/plugins/com.anylogic.graphics3d_8.9.4.202503101134/static/libs/ColladaLoader.js (3660)
[1009/162520.284:INFO:CONSOLE(255)] "Loaded: file:C:/Users/Admin/Desktop/Flexibac/Modelisation_Anylogic/Flexibac_VF/3d/box_1_closed.dae", source: file:///C:/Program%20Files/AnyLogic%208.9%20Personal%20Learning%20Edition/plugins/com.anylogic.graphics3d_8.9.4.202503101134/static/init.js (255)
[1009/162520.284:INFO:CONSOLE(271)] "load end: file:C:/Users/Admin/Desktop/Flexibac/Modelisation_Anylogic/Flexibac_VF/3d/box_1_closed.dae", source: file:///C:/Program%20Files/AnyLogic%208.9%20Personal%20Learning%20Edition/plugins/com.anylogic.graphics3d_8.9.4.202503101134/static/init.js (271)
[1009/162520.546:ERROR:gl_utils.cc(402)] [.WebGL-00001AC000381500]GL Driver Message (OpenGL, Performance, GL_CLOSE_PATH_NV, High): GPU stall due to ReadPixels
[1009/162520.721:INFO:CONSOLE(0)] "[.WebGL-00001AC000381500]GL Driver Message (OpenGL, Performance, GL_CLOSE_PATH_NV, High): GPU stall due to ReadPixels", source: file:///C:/Program%20Files/AnyLogic%208.9%20Personal%20Learning%20Edition/plugins/com.anylogic.graphics3d_8.9.4.202503101134/static/index.html (0)
[1009/162521.352:INFO:CONSOLE(3660)] "THREE.ColladaLoader: File version 1.4.0", source: file:///C:/Program%20Files/AnyLogic%208.9%20Personal%20Learning%20Edition/plugins/com.anylogic.graphics3d_8.9.4.202503101134/static/libs/ColladaLoader.js (3660)
[1009/162521.539:INFO:CONSOLE(255)] "Loaded: file:C:/Users/Admin/Desktop/Flexibac/Modelisation_Anylogic/Flexibac_VF/3d/person.dae", source: file:///C:/Program%20Files/AnyLogic%208.9%20Personal%20Learning%20Edition/plugins/com.anylogic.graphics3d_8.9.4.202503101134/static/init.js (255)
[1009/162521.539:INFO:CONSOLE(271)] "load end: file:C:/Users/Admin/Desktop/Flexibac/Modelisation_Anylogic/Flexibac_VF/3d/person.dae", source: file:///C:/Program%20Files/AnyLogic%208.9%20Personal%20Learning%20Edition/plugins/com.anylogic.graphics3d_8.9.4.202503101134/static/init.js (271)
[1009/162521.643:ERROR:gl_utils.cc(402)] [.WebGL-00001AC000381500]GL Driver Message (OpenGL, Performance, GL_CLOSE_PATH_NV, High): GPU stall due to ReadPixels
[1009/162521.659:INFO:CONSOLE(0)] "[.WebGL-00001AC000381500]GL Driver Message (OpenGL, Performance, GL_CLOSE_PATH_NV, High): GPU stall due to ReadPixels", source: file:///C:/Program%20Files/AnyLogic%208.9%20Personal%20Learning%20Edition/plugins/com.anylogic.graphics3d_8.9.4.202503101134/static/index.html (0)
[1009/162709.550:ERROR:gpu_init.cc(523)] Passthrough is not supported, GL is disabled, ANGLE is 
[1009/180737.633:INFO:CONSOLE(21172)] "THREE.WebGLRenderer 92", source: file:///C:/Program%20Files/AnyLogic%208.9%20Personal%20Learning%20Edition/plugins/com.anylogic.graphics3d_8.9.4.202503101134/static/build/three.js (21172)
[1009/180738.746:INFO:CONSOLE(3660)] "THREE.ColladaLoader: File version 1.4.0", source: file:///C:/Program%20Files/AnyLogic%208.9%20Personal%20Learning%20Edition/plugins/com.anylogic.graphics3d_8.9.4.202503101134/static/libs/ColladaLoader.js (3660)
[1009/180738.761:INFO:CONSOLE(255)] "Loaded: file:C:/Users/Admin/Desktop/Flexibac/Modelisation_Anylogic/Flexibac_ameliore/3d/box_1_closed.dae", source: file:///C:/Program%20Files/AnyLogic%208.9%20Personal%20Learning%20Edition/plugins/com.anylogic.graphics3d_8.9.4.202503101134/static/init.js (255)
[1009/180738.761:INFO:CONSOLE(271)] "load end: file:C:/Users/Admin/Desktop/Flexibac/Modelisation_Anylogic/Flexibac_ameliore/3d/box_1_closed.dae", source: file:///C:/Program%20Files/AnyLogic%208.9%20Personal%20Learning%20Edition/plugins/com.anylogic.graphics3d_8.9.4.202503101134/static/init.js (271)
[1009/180739.008:ERROR:gl_utils.cc(402)] [.WebGL-00005D2400379500]GL Driver Message (OpenGL, Performance, GL_CLOSE_PATH_NV, High): GPU stall due to ReadPixels
[1009/180739.186:INFO:CONSOLE(0)] "[.WebGL-00005D2400379500]GL Driver Message (OpenGL, Performance, GL_CLOSE_PATH_NV, High): GPU stall due to ReadPixels", source: file:///C:/Program%20Files/AnyLogic%208.9%20Personal%20Learning%20Edition/plugins/com.anylogic.graphics3d_8.9.4.202503101134/static/index.html (0)
[1009/180854.233:INFO:CONSOLE(3660)] "THREE.ColladaLoader: File version 1.4.0", source: file:///C:/Program%20Files/AnyLogic%208.9%20Personal%20Learning%20Edition/plugins/com.anylogic.graphics3d_8.9.4.202503101134/static/libs/ColladaLoader.js (3660)
[1009/180854.312:INFO:CONSOLE(255)] "Loaded: file:C:/Users/Admin/Desktop/Flexibac/Modelisation_Anylogic/Flexibac_ameliore/3d/person.dae", source: file:///C:/Program%20Files/AnyLogic%208.9%20Personal%20Learning%20Edition/plugins/com.anylogic.graphics3d_8.9.4.202503101134/static/init.js (255)
[1009/180854.312:INFO:CONSOLE(271)] "load end: file:C:/Users/Admin/Desktop/Flexibac/Modelisation_Anylogic/Flexibac_ameliore/3d/person.dae", source: file:///C:/Program%20Files/AnyLogic%208.9%20Personal%20Learning%20Edition/plugins/com.anylogic.graphics3d_8.9.4.202503101134/static/init.js (271)
[1009/180854.371:ERROR:gl_utils.cc(402)] [.WebGL-00005D2400379500]GL Driver Message (OpenGL, Performance, GL_CLOSE_PATH_NV, High): GPU stall due to ReadPixels
[1009/180854.385:INFO:CONSOLE(0)] "[.WebGL-00005D2400379500]GL Driver Message (OpenGL, Performance, GL_CLOSE_PATH_NV, High): GPU stall due to ReadPixels", source: file:///C:/Program%20Files/AnyLogic%208.9%20Personal%20Learning%20Edition/plugins/com.anylogic.graphics3d_8.9.4.202503101134/static/index.html (0)
[1009/180933.350:ERROR:gpu_init.cc(523)] Passthrough is not supported, GL is disabled, ANGLE is 
